<?xml version="1.0" encoding="UTF-8"?>
<robot generator="Robot 7.1.1 (Python 3.13.0 on darwin)" generated="2024-12-06T11:43:01.891137" rpa="false" schemaversion="5">
<suite id="s1" name="Test1" source="/Users/cursor_test/TestCase/Test1.robot">
<test id="s1-t1" name="test1" line="5">
<kw name="Log" owner="BuiltIn">
<msg time="2024-12-06T11:43:01.966281" level="INFO">1</msg>
<arg>${a}</arg>
<doc>Logs the given message with the given level.</doc>
<status status="PASS" start="2024-12-06T11:43:01.966193" elapsed="0.000118"/>
</kw>
<kw name="Log Many" owner="BuiltIn">
<msg time="2024-12-06T11:43:01.966460" level="INFO">a</msg>
<msg time="2024-12-06T11:43:01.966475" level="INFO">b</msg>
<msg time="2024-12-06T11:43:01.966484" level="INFO">c</msg>
<arg>@{list}</arg>
<doc>Logs the given messages as separate entries using the INFO level.</doc>
<status status="PASS" start="2024-12-06T11:43:01.966401" elapsed="0.000098"/>
</kw>
<status status="PASS" start="2024-12-06T11:43:01.965740" elapsed="0.000823"/>
</test>
<status status="PASS" start="2024-12-06T11:43:01.891708" elapsed="0.075053"/>
</suite>
<statistics>
<total>
<stat pass="1" fail="0" skip="0">All Tests</stat>
</total>
<tag>
</tag>
<suite>
<stat pass="1" fail="0" skip="0" id="s1" name="Test1">Test1</stat>
</suite>
</statistics>
<errors>
</errors>
</robot>
